Rebuild target 'Target 1'
compiling adxl345.c...
compiling fzh181.c...
compiling hx710a.c...
compiling led_ctrl.c...
compiling main.c...
compiling max485.c...
compiling phase_detect.c...
compiling relay_ctrl.c...
compiling sd3178.c...
compiling common.c...
compiling ADC.c...
compiling EEPROM.c...
compiling Exti.c...
compiling GPIO.c...
compiling PCA.c...
compiling Soft_UART.c...
compiling timer.c...
compiling USART.C...
compiling spi.c...
linking...
*** WARNING L16: UNCALLED SEGMENT, IGNORED FOR OVERLAY PROCESS
    SEGMENT: ?PR?_GETHX710COUNT?HX710A

*** WARNING L16: UNCALLED SEGMENT, IGNORED FOR OVERLAY PROCESS
    SEGMENT: ?PR?_SENDCMDDATATO485?MAX485

*** WARNING L16: UNCALLED SEGMENT, IGNORED FOR OVERLAY PROCESS
    SEGMENT: ?PR?RELAYCTRL_XJ1?RELAY_CTRL

*** WARNING L16: UNCALLED SEGMENT, IGNORED FOR OVERLAY PROCESS
    SEGMENT: ?PR?RELAYCTRL_SS1?RELAY_CTRL

*** WARNING L16: UNCALLED SEGMENT, IGNORED FOR OVERLAY PROCESS
    SEGMENT: ?PR?RELAYCTRL_XJ2?RELAY_CTRL

*** WARNING L16: UNCALLED SEGMENT, IGNORED FOR OVERLAY PROCESS
    SEGMENT: ?PR?RELAYCTRL_SS2?RELAY_CTRL

*** WARNING L16: UNCALLED SEGMENT, IGNORED FOR OVERLAY PROCESS
    SEGMENT: ?PR?_I2CREADONEBYTE?SD3178

*** WARNING L16: UNCALLED SEGMENT, IGNORED FOR OVERLAY PROCESS
    SEGMENT: ?PR?_I2CREADDATE?SD3178

*** WARNING L16: UNCALLED SEGMENT, IGNORED FOR OVERLAY PROCESS
    SEGMENT: ?PR?_I2CWRITEDATE?SD3178

*** WARNING L16: UNCALLED SEGMENT, IGNORED FOR OVERLAY PROCESS
    SEGMENT: ?PR?WRITEALARM?SD3178

*** WARNING L16: UNCALLED SEGMENT, IGNORED FOR OVERLAY PROCESS
    SEGMENT: ?PR?SETDJS?SD3178

*** WARNING L16: UNCALLED SEGMENT, IGNORED FOR OVERLAY PROCESS
    SEGMENT: ?PR?SETFRQ_2HZ?SD3178

*** WARNING L16: UNCALLED SEGMENT, IGNORED FOR OVERLAY PROCESS
    SEGMENT: ?PR?CLRINT?SD3178

*** WARNING L16: UNCALLED SEGMENT, IGNORED FOR OVERLAY PROCESS
    SEGMENT: ?PR?_I2CREADSERIAL?SD3178

*** WARNING L16: UNCALLED SEGMENT, IGNORED FOR OVERLAY PROCESS
    SEGMENT: ?PR?_RTCWRITESERIAL?SD3178

*** WARNING L16: UNCALLED SEGMENT, IGNORED FOR OVERLAY PROCESS
    SEGMENT: ?PR?DELAY5US?COMMON

*** WARNING L16: UNCALLED SEGMENT, IGNORED FOR OVERLAY PROCESS
    SEGMENT: ?PR?DELAY10US?COMMON

*** WARNING L16: UNCALLED SEGMENT, IGNORED FOR OVERLAY PROCESS
    SEGMENT: ?PR?DELAY500MS?COMMON

*** WARNING L16: UNCALLED SEGMENT, IGNORED FOR OVERLAY PROCESS
    SEGMENT: ?PR?READCPUID?COMMON

*** WARNING L16: UNCALLED SEGMENT, IGNORED FOR OVERLAY PROCESS
    SEGMENT: ?PR?SYSTEM_POWERDOWN?COMMON

*** WARNING L16: UNCALLED SEGMENT, IGNORED FOR OVERLAY PROCESS
    SEGMENT: ?PR?POF_BOOT_DELAY?COMMON

*** WARNING L16: UNCALLED SEGMENT, IGNORED FOR OVERLAY PROCESS
    SEGMENT: ?PR?_ADC_INILIZE?ADC

*** WARNING L16: UNCALLED SEGMENT, IGNORED FOR OVERLAY PROCESS
    SEGMENT: ?PR?_ADC_POWERCONTROL?ADC

*** WARNING L16: UNCALLED SEGMENT, IGNORED FOR OVERLAY PROCESS
    SEGMENT: ?PR?_GET_ADC10BITRESULT?ADC

*** WARNING L16: UNCALLED SEGMENT, IGNORED FOR OVERLAY PROCESS
    SEGMENT: ?PR?_EEPROM_READ_N?EEPROM

*** WARNING L16: UNCALLED SEGMENT, IGNORED FOR OVERLAY PROCESS
    SEGMENT: ?PR?_EEPROM_SECTORERASE?EEPROM

*** WARNING L16: UNCALLED SEGMENT, IGNORED FOR OVERLAY PROCESS
    SEGMENT: ?PR?_EEPROM_WRITE_N?EEPROM

*** WARNING L16: UNCALLED SEGMENT, IGNORED FOR OVERLAY PROCESS
    SEGMENT: ?PR?_PWMN_UPDATE?PCA

*** WARNING L16: UNCALLED SEGMENT, IGNORED FOR OVERLAY PROCESS
    SEGMENT: ?PR?_PCA_INIT?PCA

*** WARNING L16: UNCALLED SEGMENT, IGNORED FOR OVERLAY PROCESS
    SEGMENT: ?PR?_PRINTSTRING?SOFT_UART

*** WARNING L16: UNCALLED SEGMENT, IGNORED FOR OVERLAY PROCESS
    SEGMENT: ?PR?_PRINTSTRING1?USART

*** WARNING L16: UNCALLED SEGMENT, IGNORED FOR OVERLAY PROCESS
    SEGMENT: ?PR?_PRINTSTRING2?USART

*** WARNING L16: UNCALLED SEGMENT, IGNORED FOR OVERLAY PROCESS
    SEGMENT: ?PR?_SPI_WRITETOTXBUF?SPI

*** WARNING L16: UNCALLED SEGMENT, IGNORED FOR OVERLAY PROCESS
    SEGMENT: ?PR?SPI_TRIGTX?SPI

*** WARNING L15: MULTIPLE CALL TO SEGMENT
    SEGMENT: ?PR?_LEDDISPLAYCTRL?FZH181
    CALLER1: ?PR?TIMER1_INT?FZH181
    CALLER2: ?C_C51STARTUP

*** WARNING L15: MULTIPLE CALL TO SEGMENT
    SEGMENT: ?PR?_LEDDISPLAYCLOSE?FZH181
    CALLER1: ?PR?TIMER1_INT?FZH181
    CALLER2: ?C_C51STARTUP

Program Size: data=95.5 xdata=382 code=14760
creating hex file from ".\Objects\smart_pjst"...
User command #1: H:\SmartPjsystem\mcupj\tools\DelTempFile_CopyHex.bat
20210131-205857
请按任意键继续. . . 

h:\SmartPjsystem\mcupj\project>del /f /s /q ..\release_smart_pjst_*.hex 
删除文件 - h:\SmartPjsystem\mcupj\release_smart_pjst_20210131-205522.hex

h:\SmartPjsystem\mcupj\project>copy Objects\smart_pjst.hex ..\release_smart_pjst_20210131-205857.hex 
已复制         1 个文件。

h:\SmartPjsystem\mcupj\project>dir ..\release_smart_pjst_20210131-205857.hex 
 驱动器 H 中的卷没有标签。
 卷的序列号是 0005-6791

 h:\SmartPjsystem\mcupj 的目录

2021/01/31  20:58            43,053 release_smart_pjst_20210131-205857.hex
               1 个文件         43,053 字节
               0 个目录 43,632,799,744 可用字节
".\Objects\smart_pjst" - 0 Error(s), 36 Warning(s).
